[2013-10-06 10:53:24,457](INFO)neeu : category: boat
[2013-10-06 10:53:24,545](INFO)neeu : done one
[2013-10-06 10:53:24,545](INFO)neeu : link: http://www.neeu.com/news/2013-09-18/40821.html
[2013-10-06 10:53:24,553](INFO)neeu : title: Lürssen 发布全新「Orchid」超级游艇项目
[2013-10-06 10:53:24,553](INFO)neeu : icon_url: http://www.neeu.com/uploads/news/1040/40821/m1379479625459.jpg
[2013-10-06 10:53:24,554](INFO)neeu : get des
[2013-10-06 10:53:24,566](INFO)neeu : body: catch
[2013-10-06 10:53:24,567](INFO)neeu : category: house
[2013-10-06 10:53:24,656](INFO)neeu : done one
[2013-10-06 10:53:24,656](INFO)neeu : link: http://www.neeu.com/news/2013-04-22/37023.html
[2013-10-06 10:53:24,660](INFO)neeu : title: 让自然渗透在家里的每一个角落
[2013-10-06 10:53:24,660](INFO)neeu : icon_url: http://www.neeu.com/uploads/news/1037/37023/m1366604994480.jpg
[2013-10-06 10:53:24,661](INFO)neeu : get des
[2013-10-06 10:53:25,401](INFO)neeu : have many page
[2013-10-06 10:53:25,419](INFO)neeu : body: catch
[2013-10-06 10:53:25,420](INFO)neeu : category: food
[2013-10-06 10:53:25,478](INFO)neeu : done one
[2013-10-06 10:53:25,480](INFO)neeu : link: http://www.neeu.com/news/2013-09-24/40949.html
[2013-10-06 10:53:25,486](INFO)neeu : title: 马爹利名士“铭”限量版全球首发上市
[2013-10-06 10:53:25,488](INFO)neeu : icon_url: http://www.neeu.com/uploads/news/1040/40949/m1380012588081.jpg
[2013-10-06 10:53:25,489](INFO)neeu : get des
[2013-10-06 10:53:25,588](INFO)neeu : body: catch
[2013-10-06 10:53:25,588](INFO)neeu : category: car
[2013-10-06 10:53:25,645](INFO)neeu : done one
[2013-10-06 10:53:25,646](INFO)neeu : link: http://www.neeu.com/news/2013-09-29/41096.html
[2013-10-06 10:53:25,649](INFO)neeu : title: 传言宝马正规划推出1-Series Sedan 四门轿车
[2013-10-06 10:53:25,650](INFO)neeu : icon_url: http://www.neeu.com/uploads/news/1041/41096/m1380431434671.jpg
[2013-10-06 10:53:25,650](INFO)neeu : get des
[2013-10-06 10:53:25,693](INFO)neeu : body: catch
[2013-10-06 10:53:25,694](INFO)neeu : category: food
[2013-10-06 10:53:25,756](INFO)neeu : done one
[2013-10-06 10:53:25,758](INFO)neeu : link: http://www.neeu.com/news/2013-09-05/40479.html
[2013-10-06 10:53:25,763](INFO)neeu : title: 金樽风云起 科通荣誉归
[2013-10-06 10:53:25,764](INFO)neeu : icon_url: http://www.neeu.com/uploads/news/1040/40479/m1378365343339.jpg
[2013-10-06 10:53:25,765](INFO)neeu : get des
[2013-10-06 10:53:26,027](INFO)neeu : body: catch
[2013-10-06 10:53:26,028](INFO)neeu : category: plane
[2013-10-06 10:53:26,090](INFO)neeu : done one
[2013-10-06 10:53:26,091](INFO)neeu : link: http://www.neeu.com/news/2012-11-23/33652.html
[2013-10-06 10:53:26,099](INFO)neeu : title: 新一代波音737如何节约掉2%的油耗
[2013-10-06 10:53:26,099](INFO)neeu : icon_url: http://www.neeu.com/uploads/news/1033/33652/m1353656797169.jpg
[2013-10-06 10:53:26,100](INFO)neeu : get des
[2013-10-06 10:53:26,337](INFO)neeu : body: catch
[2013-10-06 10:53:26,337](INFO)neeu : category: car
[2013-10-06 10:53:26,512](INFO)neeu : done one
[2013-10-06 10:53:26,514](INFO)neeu : link: http://www.neeu.com/news/2013-09-12/40657.html
[2013-10-06 10:53:26,520](INFO)neeu : title: Renault 法兰克福发布Initiale Paris概念车
[2013-10-06 10:53:26,522](INFO)neeu : icon_url: http://www.neeu.com/uploads/news/1040/40657/m1378959547562.jpg
[2013-10-06 10:53:26,523](INFO)neeu : get des
[2013-10-06 10:53:26,639](INFO)neeu : body: catch
[2013-10-06 10:53:26,639](INFO)neeu : category: car
[2013-10-06 10:53:26,701](INFO)neeu : done one
[2013-10-06 10:53:26,702](INFO)neeu : link: http://www.neeu.com/news/2013-07-29/39447.html
[2013-10-06 10:53:26,707](INFO)neeu : title: 庆贺携手合作25周年 奥迪与一汽集团宣布新合作计划
[2013-10-06 10:53:26,707](INFO)neeu : icon_url: http://www.neeu.com/uploads/news/1039/39447/m1375082582984.jpg
[2013-10-06 10:53:26,708](INFO)neeu : get des
[2013-10-06 10:53:26,999](INFO)neeu : body: catch
[2013-10-06 10:53:26,999](INFO)neeu : category: house
[2013-10-06 10:53:27,057](INFO)neeu : done one
[2013-10-06 10:53:27,060](INFO)neeu : link: http://www.neeu.com/news/2012-11-21/33560.html
[2013-10-06 10:53:27,066](INFO)neeu : title: 品质家居 生活魅力所在
[2013-10-06 10:53:27,067](INFO)neeu : icon_url: http://www.neeu.com/uploads/news/1033/33560/m1353463643372.jpg
[2013-10-06 10:53:27,067](INFO)neeu : get des
[2013-10-06 10:53:27,120](INFO)neeu : have many page
[2013-10-06 10:53:27,444](INFO)neeu : body: catch
[2013-10-06 10:53:27,444](INFO)neeu : category: food
[2013-10-06 10:53:27,502](INFO)neeu : done one
[2013-10-06 10:53:27,503](INFO)neeu : link: http://www.neeu.com/news/2013-01-23/35015.html
[2013-10-06 10:53:27,507](INFO)neeu : title: Neuhaus 蛇年新春系列限量版礼盒
[2013-10-06 10:53:27,507](INFO)neeu : icon_url: http://www.neeu.com/uploads/news/1035/35015/m1358915293677.jpg
[2013-10-06 10:53:27,508](INFO)neeu : get des
[2013-10-06 10:53:28,081](INFO)neeu : body: catch
[2013-10-06 10:53:28,082](INFO)neeu : category: food
[2013-10-06 10:53:28,158](INFO)neeu : done one
[2013-10-06 10:53:28,159](INFO)neeu : link: http://www.neeu.com/news/2013-05-27/37887.html
[2013-10-06 10:53:28,162](INFO)neeu : title: 上海Brotzeit德国餐厅 大口啖肉大杯喝酒
[2013-10-06 10:53:28,163](INFO)neeu : icon_url: http://www.neeu.com/uploads/news/1037/37887/m1369620610594.jpg
[2013-10-06 10:53:28,164](INFO)neeu : get des
[2013-10-06 10:53:29,212](INFO)neeu : body: catch
[2013-10-06 10:53:29,212](INFO)neeu : category: boat
[2013-10-06 10:53:29,292](INFO)neeu : done one
[2013-10-06 10:53:29,293](INFO)neeu : link: http://www.neeu.com/news/2013-09-18/40816.html
[2013-10-06 10:53:29,303](INFO)neeu : title: Prestige 2014年全新型号豪华游艇
[2013-10-06 10:53:29,304](INFO)neeu : icon_url: http://www.neeu.com/uploads/news/1040/40816/m1379477416866.jpg
[2013-10-06 10:53:29,305](INFO)neeu : get des
[2013-10-06 10:53:30,121](INFO)neeu : have many page
[2013-10-06 10:53:30,418](INFO)neeu : body: catch
[2013-10-06 10:53:30,418](INFO)neeu : category: car
[2013-10-06 10:53:30,537](INFO)neeu : done one
[2013-10-06 10:53:30,539](INFO)neeu : link: http://www.neeu.com/news/2013-09-27/41072.html
[2013-10-06 10:53:30,548](INFO)neeu : title: 兰博基尼首席执行官确认「Urus」将于2016年问世
[2013-10-06 10:53:30,549](INFO)neeu : icon_url: http://www.neeu.com/uploads/news/1041/41072/m1380263024531.jpg
[2013-10-06 10:53:30,550](INFO)neeu : get des
[2013-10-06 10:53:30,565](INFO)neeu : body: catch
[2013-10-06 10:53:30,566](INFO)neeu : category: food
[2013-10-06 10:53:30,778](INFO)neeu : done one
[2013-10-06 10:53:30,780](INFO)neeu : link: http://www.neeu.com/news/2013-09-12/40640.html
[2013-10-06 10:53:30,790](INFO)neeu : title: 美酒课堂：教你如何品鉴香槟
[2013-10-06 10:53:30,792](INFO)neeu : icon_url: http://www.neeu.com/uploads/news/1040/40640/m1378949688046.jpg
[2013-10-06 10:53:30,795](INFO)neeu : get des
[2013-10-06 10:53:30,811](INFO)neeu : body: catch
[2013-10-06 10:53:30,811](INFO)neeu : category: food
[2013-10-06 10:53:30,860](INFO)neeu : done one
[2013-10-06 10:53:30,861](INFO)neeu : link: http://www.neeu.com/news/2013-09-18/40829.html
[2013-10-06 10:53:30,870](INFO)neeu : title: 2013国际葡萄酒大赛 巴黎之花与梦香槟再获肯定
[2013-10-06 10:53:30,871](INFO)neeu : icon_url: http://www.neeu.com/uploads/news/1040/40829/m1379484031772.jpg
[2013-10-06 10:53:30,872](INFO)neeu : get des
[2013-10-06 10:53:31,330](INFO)neeu : body: catch
[2013-10-06 10:53:31,330](INFO)neeu : category: plane
[2013-10-06 10:53:31,438](INFO)neeu : done one
[2013-10-06 10:53:31,440](INFO)neeu : link: http://www.neeu.com/news/2012-11-12/33341.html
[2013-10-06 10:53:31,445](INFO)neeu : title: 全球飞机的标准种类划分
[2013-10-06 10:53:31,446](INFO)neeu : icon_url: http://www.neeu.com/uploads/news/1033/33341/m1352696173872.jpg
[2013-10-06 10:53:31,449](INFO)neeu : get des
[2013-10-06 10:53:31,458](INFO)neeu : have many page
[2013-10-06 10:53:31,610](INFO)neeu : body: catch
[2013-10-06 10:53:31,611](INFO)neeu : category: car
[2013-10-06 10:53:31,672](INFO)neeu : done one
[2013-10-06 10:53:31,672](INFO)neeu : link: http://www.neeu.com/news/2013-07-24/39341.html
[2013-10-06 10:53:31,678](INFO)neeu : title: 旷世车展 Aston Martin继续欢庆品牌百年
[2013-10-06 10:53:31,679](INFO)neeu : icon_url: http://www.neeu.com/uploads/news/1039/39341/m1374642717308.jpg
[2013-10-06 10:53:31,679](INFO)neeu : get des
[2013-10-06 10:53:31,958](INFO)neeu : body: catch
[2013-10-06 10:53:31,958](INFO)neeu : category: house
[2013-10-06 10:53:32,016](INFO)neeu : done one
[2013-10-06 10:53:32,017](INFO)neeu : link: http://www.neeu.com/news/2012-11-21/33561.html
[2013-10-06 10:53:32,026](INFO)neeu : title: 世界顶级家居品牌集锦
[2013-10-06 10:53:32,027](INFO)neeu : icon_url: http://www.neeu.com/uploads/news/1033/33561/m1353463950731.jpg
[2013-10-06 10:53:32,027](INFO)neeu : get des
[2013-10-06 10:53:33,419](INFO)neeu : body: catch
[2013-10-06 10:53:33,419](INFO)neeu : category: food
[2013-10-06 10:53:33,505](INFO)neeu : done one
[2013-10-06 10:53:33,507](INFO)neeu : link: http://www.neeu.com/news/2013-04-12/36800.html
[2013-10-06 10:53:33,513](INFO)neeu : title: 首饰设计师雪松的川味素食
[2013-10-06 10:53:33,514](INFO)neeu : icon_url: http://www.neeu.com/uploads/news/1036/36800/m1365730630863.jpg
[2013-10-06 10:53:33,515](INFO)neeu : get des
[2013-10-06 10:53:33,977](INFO)neeu : body: catch
[2013-10-06 10:53:33,978](INFO)neeu : category: house
[2013-10-06 10:53:34,039](INFO)neeu : done one
[2013-10-06 10:53:34,041](INFO)neeu : link: http://www.neeu.com/news/2011-10-24/25275.html
[2013-10-06 10:53:34,047](INFO)neeu : title: 探秘200年历史的巴黎最美老宅
[2013-10-06 10:53:34,048](INFO)neeu : icon_url: http://www.neeu.com/uploads/news/1025/25275/m1319432215014.jpg
[2013-10-06 10:53:34,048](INFO)neeu : get des
[2013-10-06 10:53:34,263](INFO)neeu : body: catch
[2013-10-06 10:53:34,264](INFO)neeu : category: food
[2013-10-06 10:53:34,318](INFO)neeu : done one
[2013-10-06 10:53:34,319](INFO)neeu : link: http://www.neeu.com/news/2012-11-29/33765.html
[2013-10-06 10:53:34,323](INFO)neeu : title: 跟随安东尼·伯尔顿探索克罗地亚的味觉
[2013-10-06 10:53:34,323](INFO)neeu : icon_url: http://www.neeu.com/uploads/news/1033/33765/m1354154992528.jpg
[2013-10-06 10:53:34,323](INFO)neeu : get des
[2013-10-06 10:53:34,341](INFO)neeu : body: catch
[2013-10-06 10:53:34,342](INFO)neeu : category: boat
[2013-10-06 10:53:34,396](INFO)neeu : done one
[2013-10-06 10:53:34,397](INFO)neeu : link: http://www.neeu.com/news/2013-09-16/40758.html
[2013-10-06 10:53:34,400](INFO)neeu : title: 博纳多集团庞大阵容出展2013戛纳游艇展
[2013-10-06 10:53:34,401](INFO)neeu : icon_url: http://www.neeu.com/uploads/news/1040/40758/m1379322162334.jpg
[2013-10-06 10:53:34,401](INFO)neeu : get des
[2013-10-06 10:53:35,073](INFO)neeu : body: catch
[2013-10-06 10:53:35,073](INFO)neeu : category: boat
[2013-10-06 10:53:35,183](INFO)neeu : done one
[2013-10-06 10:53:35,187](INFO)neeu : link: http://www.neeu.com/news/2012-12-27/34443.html
[2013-10-06 10:53:35,194](INFO)neeu : title: Jeanneau（亚诺）庞大阵容亮相巴黎游艇展
[2013-10-06 10:53:35,195](INFO)neeu : icon_url: http://www.neeu.com/uploads/news/1034/34443/m1356603184019.jpg
[2013-10-06 10:53:35,197](INFO)neeu : get des
[2013-10-06 10:53:35,413](INFO)neeu : body: catch
[2013-10-06 10:53:35,414](INFO)neeu : category: food
[2013-10-06 10:53:35,464](INFO)neeu : done one
[2013-10-06 10:53:35,465](INFO)neeu : link: http://www.neeu.com/news/2013-09-11/40611.html
[2013-10-06 10:53:35,470](INFO)neeu : title: 倒放葡萄酒有讲究 香气更浓郁
[2013-10-06 10:53:35,471](INFO)neeu : icon_url: http://www.neeu.com/uploads/news/1040/40611/m1378874559218.jpg
[2013-10-06 10:53:35,472](INFO)neeu : get des
[2013-10-06 10:53:35,552](INFO)neeu : body: catch
[2013-10-06 10:53:35,552](INFO)neeu : category: car
[2013-10-06 10:53:35,609](INFO)neeu : done one
[2013-10-06 10:53:35,610](INFO)neeu : link: http://www.neeu.com/news/2013-09-27/41071.html
[2013-10-06 10:53:35,614](INFO)neeu : title: Alfa Romeo 新款MiTo追加TwinAir双缸动力
[2013-10-06 10:53:35,615](INFO)neeu : icon_url: http://www.neeu.com/uploads/news/1041/41071/m1380262702328.jpg
[2013-10-06 10:53:35,615](INFO)neeu : get des
[2013-10-06 10:53:35,623](INFO)neeu : body: catch
[2013-10-06 10:53:35,623](INFO)neeu : category: food
[2013-10-06 10:53:35,676](INFO)neeu : done one
[2013-10-06 10:53:35,677](INFO)neeu : link: http://www.neeu.com/news/2013-08-30/40338.html
[2013-10-06 10:53:35,687](INFO)neeu : title: 凯歌皇牌香槟SO Fashion派对华幕开启
[2013-10-06 10:53:35,689](INFO)neeu : icon_url: http://www.neeu.com/uploads/news/1040/40338/m1377848984651.jpg
[2013-10-06 10:53:35,691](INFO)neeu : get des
[2013-10-06 10:53:35,719](INFO)neeu : body: catch
[2013-10-06 10:53:35,719](INFO)neeu : category: food
[2013-10-06 10:53:35,776](INFO)neeu : done one
[2013-10-06 10:53:35,777](INFO)neeu : link: http://www.neeu.com/news/2013-09-17/40800.html
[2013-10-06 10:53:35,783](INFO)neeu : title: 酩悦香槟携手罗杰·费德勒 风范闪耀上海大师赛
[2013-10-06 10:53:35,784](INFO)neeu : icon_url: http://www.neeu.com/uploads/news/1040/40800/m1379406714053.jpg
[2013-10-06 10:53:35,786](INFO)neeu : get des
[2013-10-06 10:53:36,422](INFO)neeu : body: catch
[2013-10-06 10:53:36,423](INFO)neeu : category: plane
[2013-10-06 10:53:36,658](INFO)neeu : done one
[2013-10-06 10:53:36,659](INFO)neeu : link: http://www.neeu.com/news/2012-10-19/32685.html
[2013-10-06 10:53:36,665](INFO)neeu : title: 在中国选购私人直升机注意事项解析
[2013-10-06 10:53:36,667](INFO)neeu : icon_url: http://www.neeu.com/uploads/news/1032/32685/m1350629780575.jpg
[2013-10-06 10:53:36,668](INFO)neeu : get des
[2013-10-06 10:53:36,700](INFO)neeu : body: catch
[2013-10-06 10:53:36,700](INFO)neeu : category: car
[2013-10-06 10:53:36,755](INFO)neeu : done one
[2013-10-06 10:53:36,756](INFO)neeu : link: http://www.neeu.com/news/2013-07-08/38936.html
[2013-10-06 10:53:36,764](INFO)neeu : title: 杜卡迪上海举办 Monster 795 发布会
[2013-10-06 10:53:36,765](INFO)neeu : icon_url: http://www.neeu.com/uploads/news/1038/38936/m1373265446413.jpg
[2013-10-06 10:53:36,765](INFO)neeu : get des
[2013-10-06 10:53:37,000](INFO)neeu : have many page
[2013-10-06 10:53:37,833](INFO)neeu : body: catch
[2013-10-06 10:53:37,834](INFO)neeu : category: food
[2013-10-06 10:53:37,911](INFO)neeu : done one
[2013-10-06 10:53:37,912](INFO)neeu : link: http://www.neeu.com/news/2011-12-14/26163.html
[2013-10-06 10:53:37,915](INFO)neeu : title: LOUIS XIII和MIKIMOTO北京跨界盛宴
[2013-10-06 10:53:37,916](INFO)neeu : icon_url: http://www.neeu.com/uploads/news/1026/26163/m1323847925582.jpg
[2013-10-06 10:53:37,916](INFO)neeu : get des
[2013-10-06 10:53:38,374](INFO)neeu : body: catch
[2013-10-06 10:53:38,374](INFO)neeu : category: food
[2013-10-06 10:53:38,485](INFO)neeu : done one
[2013-10-06 10:53:38,487](INFO)neeu : link: http://www.neeu.com/news/2013-06-19/38472.html
[2013-10-06 10:53:38,495](INFO)neeu : title: 素食心经：炎夏茶膳美味
[2013-10-06 10:53:38,495](INFO)neeu : icon_url: http://www.neeu.com/uploads/news/1038/38472/m1371613638844.jpg
[2013-10-06 10:53:38,496](INFO)neeu : get des
[2013-10-06 10:53:38,542](INFO)neeu : body: catch
[2013-10-06 10:53:38,542](INFO)neeu : category: food
[2013-10-06 10:53:38,657](INFO)neeu : done one
[2013-10-06 10:53:38,658](INFO)neeu : link: http://www.neeu.com/news/2013-04-12/36799.html
[2013-10-06 10:53:38,664](INFO)neeu : title: 上海新天地洋房火锅 高端火锅新食法
[2013-10-06 10:53:38,666](INFO)neeu : icon_url: http://www.neeu.com/uploads/news/1036/36799/m1365730282441.jpg
[2013-10-06 10:53:38,667](INFO)neeu : get des
[2013-10-06 10:53:38,835](INFO)neeu : have many page
[2013-10-06 10:53:39,356](INFO)neeu : body: catch
[2013-10-06 10:53:39,356](INFO)neeu : category: plane
[2013-10-06 10:53:39,491](INFO)neeu : done one
[2013-10-06 10:53:39,491](INFO)neeu : link: http://www.neeu.com/news/2012-12-05/33880.html
[2013-10-06 10:53:39,499](INFO)neeu : title: 私人飞机：用金钱购买时间
[2013-10-06 10:53:39,499](INFO)neeu : icon_url: http://www.neeu.com/uploads/news/1033/33880/m1354673532997.jpg
[2013-10-06 10:53:39,501](INFO)neeu : get des
[2013-10-06 10:53:39,914](INFO)neeu : have many page
[2013-10-06 10:53:40,324](INFO)neeu : body: catch
[2013-10-06 10:53:40,325](INFO)neeu : category: car
[2013-10-06 10:53:40,402](INFO)neeu : done one
[2013-10-06 10:53:40,827](INFO)neeu : body: catch
[2013-10-06 10:53:40,827](INFO)neeu : category: food
[2013-10-06 10:53:41,015](INFO)neeu : done one
[2013-10-06 10:53:41,026](INFO)neeu : body: catch
[2013-10-06 10:53:41,026](INFO)neeu : category: food
[2013-10-06 10:53:41,192](INFO)neeu : done one
[2013-10-06 10:53:41,483](INFO)neeu : have many page
[2013-10-06 10:53:41,989](INFO)neeu : body: catch
[2013-10-06 10:53:41,989](INFO)neeu : category: car
[2013-10-06 10:53:42,037](INFO)neeu : done one
[2013-10-06 10:53:42,080](INFO)neeu : body: catch
[2013-10-06 10:53:42,080](INFO)neeu : category: food
[2013-10-06 10:53:42,137](INFO)neeu : done one
[2013-10-06 10:53:42,139](INFO)neeu : link: http://www.neeu.com/news/2013-01-21/34940.html
[2013-10-06 10:53:42,146](INFO)neeu : title: Watermark及峰景餐厅“香港餐厅周”特别菜单
[2013-10-06 10:53:42,147](INFO)neeu : icon_url: http://www.neeu.com/uploads/news/1034/34940/m1358767334485.jpg
[2013-10-06 10:53:42,147](INFO)neeu : get des
[2013-10-06 10:53:43,464](INFO)neeu : have many page
[2013-10-06 10:53:43,750](INFO)neeu : body: catch
[2013-10-06 10:53:43,750](INFO)neeu : category: house
[2013-10-06 10:53:43,838](INFO)neeu : done one
[2013-10-06 10:53:43,840](INFO)neeu : link: http://www.neeu.com/news/2011-10-19/25207.html
[2013-10-06 10:53:43,849](INFO)neeu : title: Sow House：法瑞分界线上的散漫湖居
[2013-10-06 10:53:43,850](INFO)neeu : icon_url: http://www.neeu.com/uploads/news/1025/25207/m1319006323984.jpg
[2013-10-06 10:53:43,851](INFO)neeu : get des
[2013-10-06 10:53:44,269](INFO)neeu : have many page
[2013-10-06 10:53:44,586](INFO)neeu : body: catch
[2013-10-06 10:53:44,586](INFO)neeu : category: boat
[2013-10-06 10:53:44,660](INFO)neeu : done one
[2013-10-06 10:53:44,661](INFO)neeu : link: http://www.neeu.com/news/2012-12-19/34200.html
[2013-10-06 10:53:44,665](INFO)neeu : title: BRP（庞巴迪休闲娱乐产品）在华举办经销商大会
[2013-10-06 10:53:44,666](INFO)neeu : icon_url: http://www.neeu.com/uploads/news/1034/34200/m1355904500736.jpg
[2013-10-06 10:53:44,666](INFO)neeu : get des
[2013-10-06 10:53:45,110](INFO)neeu : body: catch
[2013-10-06 10:53:45,111](INFO)neeu : category: food
[2013-10-06 10:53:45,595](INFO)neeu : done one
[2013-10-06 10:53:45,595](INFO)neeu : link: http://www.neeu.com/news/2013-08-19/39983.html
[2013-10-06 10:53:45,602](INFO)neeu : title: 范冰冰与酩悦香槟的魅力法兰西之旅
[2013-10-06 10:53:45,603](INFO)neeu : icon_url: http://www.neeu.com/uploads/news/1039/39983/m1376888678858.jpg
[2013-10-06 10:53:45,603](INFO)neeu : get des
[2013-10-06 10:53:46,211](INFO)neeu : body: catch
[2013-10-06 10:53:46,211](INFO)neeu : category: food
[2013-10-06 10:53:46,295](INFO)neeu : done one
[2013-10-06 10:53:46,297](INFO)neeu : link: http://www.neeu.com/news/2013-01-21/34936.html
[2013-10-06 10:53:46,306](INFO)neeu : title: 香港胡同餐厅呈献农历新年传统菜肴 捞起
[2013-10-06 10:53:46,307](INFO)neeu : icon_url: http://www.neeu.com/uploads/news/1034/34936/m1358755269844.jpg
[2013-10-06 10:53:46,308](INFO)neeu : get des
[2013-10-06 10:53:46,325](INFO)neeu : body: catch
[2013-10-06 10:53:46,326](INFO)neeu : category: plane
[2013-10-06 10:53:46,540](INFO)neeu : done one
[2013-10-06 10:53:46,541](INFO)neeu : link: http://www.neeu.com/news/2012-03-15/27748.html
[2013-10-06 10:53:46,545](INFO)neeu : title: 私人飞机理性消费 倾听您身边的专业声音
[2013-10-06 10:53:46,547](INFO)neeu : icon_url: http://www.neeu.com/uploads/news/1027/27748/m1331782227896.jpg
[2013-10-06 10:53:46,550](INFO)neeu : get des
[2013-10-06 10:53:48,031](INFO)neeu : body: catch
[2013-10-06 10:53:48,032](INFO)neeu : category: food
[2013-10-06 10:53:48,118](INFO)neeu : done one
[2013-10-06 10:53:48,119](INFO)neeu : link: http://www.neeu.com/news/2013-06-13/38303.html
[2013-10-06 10:53:48,128](INFO)neeu : title: 咖啡不寻常的8种用途
[2013-10-06 10:53:48,129](INFO)neeu : icon_url: http://www.neeu.com/uploads/news/1038/38303/m1371094248091.jpg
[2013-10-06 10:53:48,130](INFO)neeu : get des
[2013-10-06 10:53:49,021](INFO)neeu : body: catch
[2013-10-06 10:53:49,022](INFO)neeu : category: house
[2013-10-06 10:53:49,085](INFO)neeu : done one
[2013-10-06 10:53:49,085](INFO)neeu : link: http://www.neeu.com/news/2011-09-21/24678.html
[2013-10-06 10:53:49,091](INFO)neeu : title: 英国房地产界大佬在湖畔的家
[2013-10-06 10:53:49,092](INFO)neeu : icon_url: http://www.neeu.com/uploads/news/1024/24678/m1316574238396.jpg
[2013-10-06 10:53:49,093](INFO)neeu : get des
[2013-10-06 10:53:49,256](INFO)neeu : body: catch
[2013-10-06 10:53:49,256](INFO)neeu : category: food
[2013-10-06 10:53:49,319](INFO)neeu : done one
[2013-10-06 10:53:49,335](INFO)neeu : body: catch
[2013-10-06 10:53:49,336](INFO)neeu : category: boat
[2013-10-06 10:53:49,397](INFO)neeu : done one
[2013-10-06 10:53:49,399](INFO)neeu : link: http://www.neeu.com/news/2012-11-13/33361.html
[2013-10-06 10:53:49,408](INFO)neeu : title: 中国（上海）国际游艇展落幕 成交额近10亿元
[2013-10-06 10:53:49,410](INFO)neeu : icon_url: http://www.neeu.com/uploads/news/1033/33361/m1352772822356.jpg
[2013-10-06 10:53:49,411](INFO)neeu : get des
[2013-10-06 10:53:50,570](INFO)neeu : body: catch
[2013-10-06 10:53:50,570](INFO)neeu : category: food
[2013-10-06 10:53:50,632](INFO)neeu : done one
[2013-10-06 10:53:50,816](INFO)neeu : body: catch
[2013-10-06 10:53:50,816](INFO)neeu : category: food
[2013-10-06 10:53:50,878](INFO)neeu : done one
[2013-10-06 10:53:50,880](INFO)neeu : link: http://www.neeu.com/news/2013-09-17/40783.html
[2013-10-06 10:53:50,889](INFO)neeu : title: 飞行酿酒师Michel Rolland签约加州St. Supéry酒庄
[2013-10-06 10:53:50,890](INFO)neeu : icon_url: http://www.neeu.com/uploads/news/1040/40783/m1379393603553.jpg
[2013-10-06 10:53:50,891](INFO)neeu : get des
[2013-10-06 10:53:51,119](INFO)neeu : body: catch
[2013-10-06 10:53:51,120](INFO)neeu : category: plane
[2013-10-06 10:53:51,166](INFO)neeu : done one
[2013-10-06 10:53:51,208](INFO)neeu : body: catch
[2013-10-06 10:53:51,208](INFO)neeu : category: food
[2013-10-06 10:53:51,256](INFO)neeu : done one
[2013-10-06 10:53:51,257](INFO)neeu : link: http://www.neeu.com/news/2013-01-16/34856.html
[2013-10-06 10:53:51,264](INFO)neeu : title: 与挚爱在WOOLOOMOOLOO共渡浪漫一刻
[2013-10-06 10:53:51,265](INFO)neeu : icon_url: http://www.neeu.com/uploads/news/1034/34856/m1358325932677.jpg
[2013-10-06 10:53:51,266](INFO)neeu : get des
[2013-10-06 10:53:53,370](INFO)neeu : have many page
[2013-10-06 10:53:53,593](INFO)neeu : body: catch
[2013-10-06 10:53:53,598](INFO)neeu : category: house
[2013-10-06 10:53:53,657](INFO)neeu : done one
[2013-10-06 10:53:54,319](INFO)neeu : body: catch
[2013-10-06 10:53:54,320](INFO)neeu : category: boat
[2013-10-06 10:53:54,368](INFO)neeu : done one
[2013-10-06 10:53:54,501](INFO)neeu : body: catch
[2013-10-06 10:53:54,501](INFO)neeu : category: food
[2013-10-06 10:53:54,558](INFO)neeu : done one
[2013-10-06 10:53:54,561](INFO)neeu : link: http://www.neeu.com/news/2012-11-27/33729.html
[2013-10-06 10:53:54,565](INFO)neeu : title: 米其林二星名厨 Paco Roncero 呈献十七菜式非凡晚宴
[2013-10-06 10:53:54,565](INFO)neeu : icon_url: http://www.neeu.com/uploads/news/1033/33729/m1354005211247.jpg
[2013-10-06 10:53:54,565](INFO)neeu : get des
[2013-10-06 10:53:56,101](INFO)neeu : body: catch
[2013-10-06 10:53:56,101](INFO)neeu : category: food
[2013-10-06 10:53:56,148](INFO)neeu : done one
[2013-10-06 10:53:56,581](INFO)neeu : body: catch
[2013-10-06 10:53:56,582](INFO)neeu : category: food
[2013-10-06 10:53:56,636](INFO)neeu : done one
[2013-10-06 10:53:57,887](INFO)neeu : body: catch
[2013-10-06 10:53:57,888](INFO)neeu : category: food
[2013-10-06 10:53:57,937](INFO)neeu : done one
[2013-10-06 10:53:57,937](INFO)neeu : link: http://www.neeu.com/news/2013-06-06/38163.html
[2013-10-06 10:53:57,941](INFO)neeu : title: 舌尖上绽放的鲜花美食
[2013-10-06 10:53:57,942](INFO)neeu : icon_url: http://www.neeu.com/uploads/news/1038/38163/m1370486780247.jpg
[2013-10-06 10:53:57,942](INFO)neeu : get des
[2013-10-06 10:53:58,748](INFO)neeu : have many page
[2013-10-06 10:54:02,844](INFO)neeu : body: catch
[2013-10-06 10:54:02,844](INFO)neeu : category: food
[2013-10-06 10:54:02,905](INFO)neeu : done one
[2013-10-06 10:54:02,906](INFO)neeu : link: http://www.neeu.com/news/2013-05-21/37763.html
[2013-10-06 10:54:02,911](INFO)neeu : title: 品味英国传统美食代表作
[2013-10-06 10:54:02,913](INFO)neeu : icon_url: http://www.neeu.com/uploads/news/1037/37763/m1369102389285.jpg
[2013-10-06 10:54:02,914](INFO)neeu : get des
[2013-10-06 10:54:03,289](INFO)neeu : body: catch
[2013-10-06 10:54:03,290](INFO)neeu : category: food
[2013-10-06 10:54:03,372](INFO)neeu : done one
[2013-10-06 10:54:03,374](INFO)neeu : link: http://www.neeu.com/news/2012-11-27/33719.html
[2013-10-06 10:54:03,380](INFO)neeu : title: 两位知名主厨在巴黎开设餐厅
[2013-10-06 10:54:03,380](INFO)neeu : icon_url: http://www.neeu.com/uploads/news/1033/33719/m1353994634559.jpg
[2013-10-06 10:54:03,381](INFO)neeu : get des
[2013-10-06 10:54:06,938](INFO)neeu : body: catch
[2013-10-06 10:54:06,938](INFO)neeu : category: food
[2013-10-06 10:54:07,017](INFO)neeu : done one
[2013-10-06 10:54:08,170](INFO)neeu : body: catch
[2013-10-06 10:54:08,170](INFO)neeu : category: food
[2013-10-06 10:54:08,251](INFO)neeu : done one
